#
# A fatal error has been detected by the Java Runtime Environment:
#
#  EXCEPTION_ACCESS_VIOLATION (0xc0000005) at pc=0x000000006374d9e6, pid=8804, tid=11556
#
# JRE version: 6.0_45-b06
# Java VM: Java HotSpot(TM) 64-Bit Server VM (20.45-b01 mixed mode windows-amd64 compressed oops)
# Problematic frame:
# C  [libfftw3f.dll+0xd9e6]
#
# If you would like to submit a bug report, please visit:
#   http://java.sun.com/webapps/bugreport/crash.jsp
# The crash happened outside the Java Virtual Machine in native code.
# See problematic frame for where to report the bug.
#

---------------  T H R E A D  ---------------

Current thread (0x00000000001de800):  JavaThread "main" [_thread_in_native, id=11556, stack(0x0000000002610000,0x0000000002710000)]

siginfo: ExceptionCode=0xc0000005, writing address 0x0000000000000000

Registers:
RAX=0x00000000027fdca0, RBX=0x000000000f4f5380, RCX=0x000000000000001c, RDX=0x0000000000000000
RSP=0x000000000270eae0, RBP=0x0000000000000000, RSI=0x000000000000001d, RDI=0x0000000000000004
R8 =0x00000000027fdd88, R9 =0x000000000000000f, R10=0x0000000013e01564, R11=0x0000000000000002
R12=0x0000000000000001, R13=0x00000000000000c0, R14=0x000000000000000f, R15=0x000000000000000d
RIP=0x000000006374d9e6, EFLAGS=0x0000000000010246

Top of Stack: (sp=0x000000000270eae0)
0x000000000270eae0:   000000000270ed70 0000000000000009
0x000000000270eaf0:   0000000002893401 ffffffff00000000
0x000000000270eb00:   0000000013e00060 0000000013e00064
0x000000000270eb10:   000000000000000d 0000000000000000
0x000000000270eb20:   0000000002814ed0 ffffffffffffff40
0x000000000270eb30:   00000000001df488 00000000001df4c0
0x000000000270eb40:   0000000000000002 00000000000000e8
0x000000000270eb50:   000000000000001c 00000000027fdca8
0x000000000270eb60:   0000000000000000 0000000000000000
0x000000000270eb70:   0000000000000000 0000000000000000
0x000000000270eb80:   0000000000000000 0000000000000000
0x000000000270eb90:   0000000000000000 0000000000000000
0x000000000270eba0:   0000000000000000 0000000000000000
0x000000000270ebb0:   0000000000000000 0000000000000000
0x000000000270ebc0:   0000000000000000 0000000000000000
0x000000000270ebd0:   0000000000000000 0000000000000000 

Instructions: (pc=0x000000006374d9e6)
0x000000006374d9c6:   9e 48 8b 54 24 38 4c 8b 5c 24 60 31 ed 4c 8b 7c
0x000000006374d9d6:   24 30 48 8b 4c 24 70 41 bc 01 00 00 00 0f 57 c0
0x000000006374d9e6:   f3 0f 11 12 48 8b 54 24 60 49 c1 e3 02 4c 89 5c
0x000000006374d9f6:   24 28 4d 8d 6f 01 4c 8b 7c 24 38 48 c1 e1 02 f3 


Register to memory mapping:

RAX=0x00000000027fdca0 is an unknown value
RBX=0x000000000f4f5380 is an unknown value
RCX=0x000000000000001c is an unknown value
RDX=0x0000000000000000 is an unknown value
RSP=0x000000000270eae0 is pointing into the stack for thread: 0x00000000001de800
RBP=0x0000000000000000 is an unknown value
RSI=0x000000000000001d is an unknown value
RDI=0x0000000000000004 is an unknown value
R8 =0x00000000027fdd88 is an unknown value
R9 =0x000000000000000f is an unknown value
R10=0x0000000013e01564 is an unknown value
R11=0x0000000000000002 is an unknown value
R12=0x0000000000000001 is an unknown value
R13=0x00000000000000c0 is an unknown value
R14=0x000000000000000f is an unknown value
R15=0x000000000000000d is an unknown value


Stack: [0x0000000002610000,0x0000000002710000],  sp=0x000000000270eae0,  free space=1018k
Native frames: (J=compiled Java code, j=interpreted, Vv=VM code, C=native code)
C  [libfftw3f.dll+0xd9e6]  fftwf_printer_destroy+0x7f86

[error occurred during error reporting (printing native stack), id 0xc0000005]

Java frames: (J=compiled Java code, j=interpreted, Vv=VM code)
j  gov.nist.isg.mist.stitching.lib32.imagetile.fftw.FFTW3Library32.fftwf_execute_dft_r2c(JJJ)V+0
j  gov.nist.isg.mist.stitching.lib32.imagetile.fftw.FFTW3Library32.fftwf_execute_dft_r2c(Lgov/nist/isg/mist/stitching/lib32/imagetile/fftw/FFTW3Library32$fftwf_plan;Lorg/bridj/Pointer;Lorg/bridj/Pointer;)V+12
j  gov.nist.isg.mist.stitching.lib32.imagetile.fftw.FftwImageTile32.computeFft(Lgov/nist/isg/mist/stitching/lib/memorypool/DynamicMemoryPool;Lgov/nist/isg/mist/stitching/lib/imagetile/memory/TileWorkerMemory;)V+113
j  gov.nist.isg.mist.fftw.TestFFTTiming.run(I)V+210
j  gov.nist.isg.mist.fftw.TestFFTTiming.main([Ljava/lang/String;)V+18
v  ~StubRoutines::call_stub
j  sun.reflect.NativeMethodAccessorImpl.invoke0(Ljava/lang/reflect/Method;Ljava/lang/Object;[Ljava/lang/Object;)Ljava/lang/Object;+0
j  sun.reflect.NativeMethodAccessorImpl.invoke(Ljava/lang/Object;[Ljava/lang/Object;)Ljava/lang/Object;+87
j  sun.reflect.DelegatingMethodAccessorImpl.invoke(Ljava/lang/Object;[Ljava/lang/Object;)Ljava/lang/Object;+6
j  java.lang.reflect.Method.invoke(Ljava/lang/Object;[Ljava/lang/Object;)Ljava/lang/Object;+161
j  com.intellij.rt.execution.application.AppMain.main([Ljava/lang/String;)V+157
v  ~StubRoutines::call_stub

---------------  P R O C E S S  ---------------

Java Threads: ( => current thread )
  0x000000000e703000 JavaThread "Monitor Ctrl-Break" daemon [_thread_in_native, id=10536, stack(0x000000000f010000,0x000000000f110000)]
  0x000000000e667800 JavaThread "Low Memory Detector" daemon [_thread_blocked, id=6296, stack(0x000000000ec00000,0x000000000ed00000)]
  0x000000000e65b800 JavaThread "C2 CompilerThread1" daemon [_thread_blocked, id=1952, stack(0x000000000eb00000,0x000000000ec00000)]
  0x000000000e650800 JavaThread "C2 CompilerThread0" daemon [_thread_blocked, id=8252, stack(0x000000000ea00000,0x000000000eb00000)]
  0x000000000e650000 JavaThread "Attach Listener" daemon [_thread_blocked, id=11840, stack(0x000000000e900000,0x000000000ea00000)]
  0x000000000e64f000 JavaThread "Signal Dispatcher" daemon [_thread_blocked, id=6228, stack(0x000000000e800000,0x000000000e900000)]
  0x0000000002809000 JavaThread "Finalizer" daemon [_thread_blocked, id=12656, stack(0x000000000e500000,0x000000000e600000)]
  0x0000000002802800 JavaThread "Reference Handler" daemon [_thread_blocked, id=10688, stack(0x000000000e400000,0x000000000e500000)]
=>0x00000000001de800 JavaThread "main" [_thread_in_native, id=11556, stack(0x0000000002610000,0x0000000002710000)]

Other Threads:
  0x00000000027f9800 VMThread [stack: 0x000000000e300000,0x000000000e400000] [id=11068]
  0x000000000e67b800 WatcherThread [stack: 0x000000000ed00000,0x000000000ee00000] [id=11640]

VM state:not at safepoint (normal execution)

VM Mutex/Monitor currently owned by a thread: None

Heap
 PSYoungGen      total 611328K, used 23788K [0x0000000581b60000, 0x00000005ac5a0000, 0x0000000800000000)
  eden space 524032K, 4% used [0x0000000581b60000,0x000000058329b350,0x00000005a1b20000)
  from space 87296K, 0% used [0x00000005a7060000,0x00000005a7060000,0x00000005ac5a0000)
  to   space 87296K, 0% used [0x00000005a1b20000,0x00000005a1b20000,0x00000005a7060000)
 PSOldGen        total 1397376K, used 0K [0x0000000085200000, 0x00000000da6a0000, 0x0000000581b60000)
  object space 1397376K, 0% used [0x0000000085200000,0x0000000085200000,0x00000000da6a0000)
 PSPermGen       total 21248K, used 9130K [0x0000000080000000, 0x00000000814c0000, 0x0000000085200000)
  object space 21248K, 42% used [0x0000000080000000,0x00000000808eabe8,0x00000000814c0000)

Code Cache  [0x0000000002810000, 0x0000000002a80000, 0x0000000005810000)
 total_blobs=344 nmethods=36 adapters=261 free_code_cache=49799616 largest_free_block=6912

Dynamic libraries:
0x0000000000400000 - 0x000000000042f000 	C:\Program Files\Java\jdk1.6.0_45\bin\java.exe
0x0000000077a80000 - 0x0000000077c29000 	C:\Windows\SYSTEM32\ntdll.dll
0x0000000077960000 - 0x0000000077a80000 	C:\Windows\system32\kernel32.dll
0x000007fefda90000 - 0x000007fefdafb000 	C:\Windows\system32\KERNELBASE.dll
0x000007fefe290000 - 0x000007fefe36b000 	C:\Windows\system32\ADVAPI32.dll
0x000007feffa60000 - 0x000007feffaff000 	C:\Windows\system32\msvcrt.dll
0x000007feff3c0000 - 0x000007feff3df000 	C:\Windows\SYSTEM32\sechost.dll
0x000007feff640000 - 0x000007feff76d000 	C:\Windows\system32\RPCRT4.dll
0x000000006d8e0000 - 0x000000006e09c000 	C:\Program Files\Java\jdk1.6.0_45\jre\bin\server\jvm.dll
0x0000000077860000 - 0x000000007795a000 	C:\Windows\system32\USER32.dll
0x000007fefdff0000 - 0x000007fefe057000 	C:\Windows\system32\GDI32.dll
0x000007feff3e0000 - 0x000007feff3ee000 	C:\Windows\system32\LPK.dll
0x000007fefdf20000 - 0x000007fefdfe9000 	C:\Windows\system32\USP10.dll
0x000007fefb190000 - 0x000007fefb1cb000 	C:\Windows\system32\WINMM.dll
0x000007fefde90000 - 0x000007fefdebe000 	C:\Windows\system32\IMM32.DLL
0x000007feff2b0000 - 0x000007feff3b9000 	C:\Windows\system32\MSCTF.dll
0x000000006d850000 - 0x000000006d85e000 	C:\Program Files\Java\jdk1.6.0_45\jre\bin\verify.dll
0x000000006d460000 - 0x000000006d487000 	C:\Program Files\Java\jdk1.6.0_45\jre\bin\java.dll
0x000000006d8a0000 - 0x000000006d8b2000 	C:\Program Files\Java\jdk1.6.0_45\jre\bin\zip.dll
0x000007fef77f0000 - 0x000007fef7800000 	C:\Program Files (x86)\JetBrains\IntelliJ IDEA Community Edition 14.1.5\bin\breakgen64.dll
0x000000006d6c0000 - 0x000000006d6d7000 	C:\Program Files\Java\jdk1.6.0_45\jre\bin\net.dll
0x000007feff5d0000 - 0x000007feff61d000 	C:\Windows\system32\WS2_32.dll
0x000007fefe470000 - 0x000007fefe478000 	C:\Windows\system32\NSI.dll
0x000007fefd040000 - 0x000007fefd095000 	C:\Windows\system32\mswsock.dll
0x000007fefd1d0000 - 0x000007fefd1d7000 	C:\Windows\System32\wship6.dll
0x000007fefca20000 - 0x000007fefca27000 	C:\Windows\System32\wshtcpip.dll
0x000007fefd200000 - 0x000007fefd218000 	C:\Windows\system32\CRYPTSP.dll
0x000007fefcde0000 - 0x000007fefce27000 	C:\Windows\system32\rsaenh.dll
0x000007fefdb70000 - 0x000007fefdb8e000 	C:\Windows\system32\USERENV.dll
0x000007fefd8d0000 - 0x000007fefd8df000 	C:\Windows\system32\profapi.dll
0x000007fefd760000 - 0x000007fefd76f000 	C:\Windows\system32\CRYPTBASE.dll
0x000007fefbfe0000 - 0x000007fefbff5000 	C:\Windows\system32\NLAapi.dll
0x000007fef9dd0000 - 0x000007fef9de5000 	C:\Windows\system32\napinsp.dll
0x000007fef9db0000 - 0x000007fef9dc9000 	C:\Windows\system32\pnrpnsp.dll
0x000007fefced0000 - 0x000007fefcf2b000 	C:\Windows\system32\DNSAPI.dll
0x000007fef9da0000 - 0x000007fef9dab000 	C:\Windows\System32\winrnr.dll
0x000007fef9e40000 - 0x000007fef9e5a000 	C:\ProgramData\FireEye\FireEye Agent\Accessible\NamespaceEvents_0.dll
0x000007fefbcc0000 - 0x000007fefbce7000 	C:\Windows\system32\IPHLPAPI.DLL
0x000007fefbcb0000 - 0x000007fefbcbb000 	C:\Windows\system32\WINNSI.DLL
0x000007fef9d90000 - 0x000007fef9d98000 	C:\Windows\system32\rasadhlp.dll
0x000007fefbb70000 - 0x000007fefbbc3000 	C:\Windows\System32\fwpuclnt.dll
0x000007fef2ab0000 - 0x000007fef2ad9000 	C:\Users\mmajursk\AppData\Local\Temp\1\BridJExtractedLibraries361943293330780802\bridj.dll
0x0000000063740000 - 0x0000000063970000 	C:\majurski\NISTGithub\MIST\lib\fftw\libfftw3f.dll
0x000000006d0a0000 - 0x000000006d264000 	C:\Program Files\Java\jdk1.6.0_45\jre\bin\awt.dll
0x000007fef6390000 - 0x000007fef6401000 	C:\Windows\system32\WINSPOOL.DRV
0x000007fefdc80000 - 0x000007fefde83000 	C:\Windows\system32\ole32.dll
0x000007fefe520000 - 0x000007feff2aa000 	C:\Windows\system32\SHELL32.dll
0x000007fefe370000 - 0x000007fefe3e1000 	C:\Windows\system32\SHLWAPI.dll
0x000007fefbd60000 - 0x000007fefbf54000 	C:\Windows\WinSxS\amd64_microsoft.windows.common-controls_6595b64144ccf1df_6.0.7601.18837_none_fa3b1e3d17594757\COMCTL32.dll
0x0000000077c50000 - 0x0000000077c57000 	C:\Windows\system32\PSAPI.DLL
0x000007fef8e30000 - 0x000007fef8f55000 	C:\Windows\system32\dbghelp.dll

VM Arguments:
jvm_args: -Didea.launcher.port=7533 -Didea.launcher.bin.path=C:\Program Files (x86)\JetBrains\IntelliJ IDEA Community Edition 14.1.5\bin -Dfile.encoding=windows-1252 
java_command: com.intellij.rt.execution.application.AppMain gov.nist.isg.mist.fftw.TestFFTTiming
Launcher Type: SUN_STANDARD

Environment Variables:
USERNAME=mmajursk
OS=Windows_NT
PROCESSOR_IDENTIFIER=Intel64 Family 6 Model 45 Stepping 7, GenuineIntel



---------------  S Y S T E M  ---------------

OS: Windows 7 , 64 bit Build 7601 Service Pack 1

CPU:total 24 (6 cores per cpu, 2 threads per core) family 6 model 45 stepping 7, cmov, cx8, fxsr, mmx, sse, sse2, sse3, ssse3, sse4.1, sse4.2, popcnt, ht

Memory: 4k page, physical 134141636k(123868352k free), swap 268588616k(254940152k free)

vm_info: Java HotSpot(TM) 64-Bit Server VM (20.45-b01) for windows-amd64 JRE (1.6.0_45-b06), built on Apr  1 2013 12:31:37 by "java_re" with MS VC++ 8.0 (VS2005)

time: Wed Oct 28 12:14:34 2015
elapsed time: 0 seconds

